<?xml version="1.0" encoding="UTF-8"?>
<!-- Generated by org.testng.reporters.JUnitXMLReporter -->
<testsuite ignored="0" hostname="Mukesh" failures="1" tests="1" name="Test2" time="0.024" errors="0" timestamp="2024-12-15T09:05:41 IST">
  <testcase classname="mavenforjenkins.UITest" name="startBrowser" time="0.0">
    <failure type="org.testng.TestNGException" message="
Parameter &amp;apos;Browser&amp;apos; is required by @Test on method startBrowser but has not been marked @Optional or defined
in C:\Workspace\youtuber_motwani_proj\mavenjenkins-master\testng.xml">
      <![CDATA[org.testng.TestNGException: 
Parameter 'Browser' is required by @Test on method startBrowser but has not been marked @Optional or defined
in C:\Workspace\youtuber_motwani_proj\mavenjenkins-master\testng.xml
at java.base/java.util.ArrayList.forEach(ArrayList.java:1597)
... Removed 26 stack frames]]>
    </failure>
  </testcase> <!-- startBrowser -->
</testsuite> <!-- Test2 -->
